<?xml version="1.0" encoding="UTF-8"?>
<testng-results total="1" passed="0" failed="1" skipped="0">
  <reporter-output>
  </reporter-output>
  <suite started-at="2021-02-10T13:21:16Z" name="Suite" finished-at="2021-02-10T13:21:17Z" duration-ms="96">
    <groups>
    </groups>
    <test started-at="2021-02-10T13:21:16Z" name="Test" finished-at="2021-02-10T13:21:17Z" duration-ms="96">
      <class name="com.salaesforce.qa.pages.LoginPage">
        <test-method is-config="true" signature="launchBrowser()[pri:0, instance:com.salaesforce.qa.pages.LoginPage@48aca48b]" started-at="2021-02-10T18:51:16Z" name="launchBrowser" finished-at="2021-02-10T18:51:16Z" duration-ms="24" status="PASS">
          <reporter-output>
          </reporter-output>
        </test-method> <!-- launchBrowser -->
        <test-method signature="EnterCredentials(java.lang.String, java.lang.String)[pri:0, instance:com.salaesforce.qa.pages.LoginPage@48aca48b]" started-at="2021-02-10T18:51:16Z" name="EnterCredentials" finished-at="2021-02-10T18:51:16Z" duration-ms="0" status="FAIL">
          <exception class="org.testng.TestNGException">
            <message>
              <![CDATA[
Method EnterCredentials requires 2 parameters but 0 were supplied in the @Test annotation.]]>
            </message>
            <full-stacktrace>
              <![CDATA[org.testng.TestNGException: 
Method EnterCredentials requires 2 parameters but 0 were supplied in the @Test annotation.
	at org.testng.internal.Parameters.checkParameterTypes(Parameters.java:198)
	at org.testng.internal.Parameters.createParameters(Parameters.java:134)
	at org.testng.internal.Parameters.createParameters(Parameters.java:370)
	at org.testng.internal.Parameters.handleParameters(Parameters.java:447)
	at org.testng.internal.Invoker.handleParameters(Invoker.java:1383)
	at org.testng.internal.Invoker.createParameters(Invoker.java:1075)
	at org.testng.internal.Invoker.invokeTestMethods(Invoker.java:1180)
	at org.testng.internal.TestMethodWorker.invokeTestMethods(TestMethodWorker.java:127)
	at org.testng.internal.TestMethodWorker.run(TestMethodWorker.java:111)
	at org.testng.TestRunner.privateRun(TestRunner.java:767)
	at org.testng.TestRunner.run(TestRunner.java:617)
	at org.testng.SuiteRunner.runTest(SuiteRunner.java:334)
	at org.testng.SuiteRunner.runSequentially(SuiteRunner.java:329)
	at org.testng.SuiteRunner.privateRun(SuiteRunner.java:291)
	at org.testng.SuiteRunner.run(SuiteRunner.java:240)
	at org.testng.SuiteRunnerWorker.runSuite(SuiteRunnerWorker.java:52)
	at org.testng.SuiteRunnerWorker.run(SuiteRunnerWorker.java:86)
	at org.testng.TestNG.runSuitesSequentially(TestNG.java:1198)
	at org.testng.TestNG.runSuitesLocally(TestNG.java:1123)
	at org.testng.TestNG.run(TestNG.java:1031)
	at org.testng.remote.AbstractRemoteTestNG.run(AbstractRemoteTestNG.java:115)
	at org.testng.remote.RemoteTestNG.initAndRun(RemoteTestNG.java:251)
	at org.testng.remote.RemoteTestNG.main(RemoteTestNG.java:77)
]]>
            </full-stacktrace>
          </exception> <!-- org.testng.TestNGException -->
          <reporter-output>
          </reporter-output>
        </test-method> <!-- EnterCredentials -->
      </class> <!-- com.salaesforce.qa.pages.LoginPage -->
    </test> <!-- Test -->
  </suite> <!-- Suite -->
</testng-results>
